{
  "stats": {
    "suites": 1,
    "tests": 4,
    "passes": 4,
    "pending": 0,
    "failures": 0,
    "start": "2024-04-04T16:43:23.281Z",
    "end": "2024-04-04T16:43:37.671Z",
    "duration": 14390,
    "testsRegistered": 4,
    "passPercent": 100,
    "pendingPercent": 0,
    "other": 0,
    "hasOther": false,
    "skipped": 0,
    "hasSkipped": false
  },
  "results": [
    {
      "uuid": "c4376047-e09a-4abf-a748-34af78a83cc7",
      "title": "",
      "fullFile": "cypress/e2e/sampleTests/viewportTest.cy.js",
      "file": "cypress/e2e/sampleTests/viewportTest.cy.js",
      "beforeHooks": [],
      "afterHooks": [],
      "tests": [],
      "suites": [
        {
          "uuid": "6b76ba29-f821-40f5-979c-328baa720071",
          "title": "testing different view ports",
          "fullFile": "",
          "file": "",
          "beforeHooks": [],
          "afterHooks": [],
          "tests": [
            {
              "title": "open in mb 13",
              "fullTitle": "testing different view ports open in mb 13",
              "timedOut": null,
              "duration": 3573,
              "state": "passed",
              "speed": "fast",
              "pass": true,
              "fail": false,
              "pending": false,
              "context": null,
              "code": "cy.viewport('macbook-13');\ncy.screenshot();\ncy.wait(200);",
              "err": {},
              "uuid": "cd9ef720-47e6-4d7f-940f-1e53853b5427",
              "parentUUID": "6b76ba29-f821-40f5-979c-328baa720071",
              "isHook": false,
              "skipped": false
            },
            {
              "title": "open in mb 15",
              "fullTitle": "testing different view ports open in mb 15",
              "timedOut": null,
              "duration": 2831,
              "state": "passed",
              "speed": "fast",
              "pass": true,
              "fail": false,
              "pending": false,
              "context": null,
              "code": "cy.viewport('macbook-15');\ncy.screenshot();\ncy.wait(200);",
              "err": {},
              "uuid": "3066d34f-c253-42a5-a5f5-d7d8f6dcad6c",
              "parentUUID": "6b76ba29-f821-40f5-979c-328baa720071",
              "isHook": false,
              "skipped": false
            },
            {
              "title": "open in mb 16",
              "fullTitle": "testing different view ports open in mb 16",
              "timedOut": null,
              "duration": 2786,
              "state": "passed",
              "speed": "fast",
              "pass": true,
              "fail": false,
              "pending": false,
              "context": null,
              "code": "cy.viewport('macbook-16');\ncy.screenshot();\ncy.wait(200);",
              "err": {},
              "uuid": "4c22aed0-f196-4281-83e8-916fdc2d7fe7",
              "parentUUID": "6b76ba29-f821-40f5-979c-328baa720071",
              "isHook": false,
              "skipped": false
            },
            {
              "title": "open in ip x",
              "fullTitle": "testing different view ports open in ip x",
              "timedOut": null,
              "duration": 2617,
              "state": "passed",
              "speed": "fast",
              "pass": true,
              "fail": false,
              "pending": false,
              "context": null,
              "code": "cy.viewport('iphone-x');\ncy.screenshot();\ncy.wait(200);",
              "err": {},
              "uuid": "016fefd4-5f30-459e-8ae6-0074f45cdd45",
              "parentUUID": "6b76ba29-f821-40f5-979c-328baa720071",
              "isHook": false,
              "skipped": false
            }
          ],
          "suites": [],
          "passes": [
            "cd9ef720-47e6-4d7f-940f-1e53853b5427",
            "3066d34f-c253-42a5-a5f5-d7d8f6dcad6c",
            "4c22aed0-f196-4281-83e8-916fdc2d7fe7",
            "016fefd4-5f30-459e-8ae6-0074f45cdd45"
          ],
          "failures": [],
          "pending": [],
          "skipped": [],
          "duration": 11807,
          "root": false,
          "rootEmpty": false,
          "_timeout": 2000
        }
      ],
      "passes": [],
      "failures": [],
      "pending": [],
      "skipped": [],
      "duration": 0,
      "root": true,
      "rootEmpty": true,
      "_timeout": 2000
    }
  ],
  "meta": {
    "mocha": {
      "version": "7.0.1"
    },
    "mochawesome": {
      "options": {
        "quiet": false,
        "reportFilename": "report",
        "saveHtml": true,
        "saveJson": true,
        "consoleReporter": "spec",
        "useInlineDiffs": false,
        "code": true
      },
      "version": "7.1.3"
    },
    "marge": {
      "options": {
        "reportDir": "cypress/reports",
        "reportFilename": "report",
        "overwrite": false,
        "html": true,
        "json": true,
        "charts": true
      },
      "version": "6.2.0"
    }
  }
}